[sites.google.com/steegle.com/fintangym/homee486.html]
[backblue.gif]
[fade.gif]
[index.html]
[sites.google.com/steegle.com/fintangym/homefd93.html]
[apis.google.com/js/clientc932.js]
[sites.google.com/steegle.com/fintangym/home.html]
[sites.google.com/steegle.com/fintangym/services.html]
[sites.google.com/steegle.com/fintangym/team.html]
[sites.google.com/steegle.com/fintangym/blog.html]
[sites.google.com/steegle.com/fintangym/about.html]
[sites.google.com/steegle.com/fintangym/contact.html]
[ssl.gstatic.com/atari/images/sociallinks/facebook_white_44dp.png]
[ssl.gstatic.com/atari/images/sociallinks/twitter_white_44dp.png]
[ssl.gstatic.com/atari/images/sociallinks/linkedin_white_44dp.png]
[ssl.gstatic.com/atari/images/sociallinks/youtube_white_44dp.png]
[sites.google.com/steegle.com/fintangym/homee486.html]
[sites.google.com/steegle.com/fintangym/homefd93.html]
[sites.google.com/steegle.com/fintangym/home.html]
[sites.google.com/steegle.com/fintangym/services.html]
[sites.google.com/steegle.com/fintangym/team.html]
[sites.google.com/steegle.com/fintangym/blog.html]
[sites.google.com/steegle.com/fintangym/about.html]
[sites.google.com/steegle.com/fintangym/contact.html]
